2018-12-29 18:07:40,897 — insta_connector — DEBUG — Sleep :3
2018-12-29 18:07:40,897 — insta_connector — DEBUG — Sleep :3
2018-12-29 18:07:44,358 — insta_connector — DEBUG — Sleep :3
2018-12-29 18:07:44,358 — insta_connector — DEBUG — Sleep :3
2018-12-29 18:07:49,481 — insta_connector — DEBUG — Sleep :4
2018-12-29 18:07:49,481 — insta_connector — DEBUG — Sleep :4
2018-12-29 18:08:10,906 — insta_connector — DEBUG — Hashtags order: ['coder']
2018-12-29 18:08:10,906 — insta_connector — DEBUG — Hashtags order: ['coder']
2018-12-29 18:11:56,929 — insta_connector — DEBUG — Sleep :2
2018-12-29 18:11:56,929 — insta_connector — DEBUG — Sleep :2
2018-12-29 18:12:02,385 — insta_connector — DEBUG — Sleep :5
2018-12-29 18:12:02,385 — insta_connector — DEBUG — Sleep :5
2018-12-29 18:12:08,773 — insta_connector — DEBUG — Sleep :5
2018-12-29 18:12:08,773 — insta_connector — DEBUG — Sleep :5
2018-12-29 18:12:12,851 — insta_connector — DEBUG — Hashtags order: ['coder']
2018-12-29 18:12:12,851 — insta_connector — DEBUG — Hashtags order: ['coder']
2018-12-29 18:20:31,137 — insta_connector — DEBUG — Sleep :5
2018-12-29 18:20:31,137 — insta_connector — DEBUG — Sleep :5
2018-12-29 18:20:34,534 — insta_connector — DEBUG — Sleep :3
2018-12-29 18:20:34,534 — insta_connector — DEBUG — Sleep :3
2018-12-29 18:20:39,875 — insta_connector — DEBUG — Sleep :4
2018-12-29 18:20:39,875 — insta_connector — DEBUG — Sleep :4
2018-12-29 18:20:39,875 — insta_connector — DEBUG — Hashtags order: ['coder']
2018-12-29 18:20:39,875 — insta_connector — DEBUG — Hashtags order: ['coder']
2018-12-29 18:20:42,897 — insta_connector — DEBUG — Got link https://www.instagram.com/p/Br_lWxRhiWG/
2018-12-29 18:20:42,897 — insta_connector — DEBUG — Got link https://www.instagram.com/p/Br_lWxRhiWG/
2018-12-29 18:20:42,897 — insta_connector — DEBUG — Open link: https://www.instagram.com/p/Br_lWxRhiWG/
2018-12-29 18:20:42,897 — insta_connector — DEBUG — Open link: https://www.instagram.com/p/Br_lWxRhiWG/
2018-12-29 18:20:53,194 — insta_connector — DEBUG — Sleep :8
2018-12-29 18:20:53,194 — insta_connector — DEBUG — Sleep :8
2018-12-29 19:27:32,567 — __main__|all_you_need_is_code — DEBUG — Sleep :5
2018-12-29 19:27:32,994 — __main__|all_you_need_is_code — INFO — Connection to the account :all_you_need_is_code
2018-12-29 19:27:38,060 — __main__|all_you_need_is_code — DEBUG — Sleep :5
2018-12-29 19:27:38,099 — __main__|all_you_need_is_code — DEBUG — App download denied
2018-12-29 19:27:39,432 — __main__|all_you_need_is_code — DEBUG — Notifications denied
2018-12-29 19:27:43,432 — __main__|all_you_need_is_code — DEBUG — Sleep :4
2018-12-29 19:28:14,919 — __main__|all_you_need_is_code — DEBUG — Hashtags order: ['coder']
2018-12-29 19:28:18,647 — __main__|all_you_need_is_code — DEBUG — Got link https://www.instagram.com/directory/profiles/
2018-12-29 19:28:22,648 — __main__|all_you_need_is_code — DEBUG — Sleep :4
2018-12-29 19:28:22,706 — __main__|all_you_need_is_code — DEBUG — Got link https://www.instagram.com/p/Br_sbJ2Br3i/
2018-12-29 19:28:22,706 — __main__|all_you_need_is_code — DEBUG — Open link: https://www.instagram.com/p/Br_sbJ2Br3i/
2018-12-29 19:35:51,443 — __main__|all_you_need_is_code — DEBUG — Sleep :8
2018-12-29 19:35:51,943 — __main__|all_you_need_is_code — INFO — Connection to the account :all_you_need_is_code
2018-12-29 19:35:58,024 — __main__|all_you_need_is_code — DEBUG — Sleep :6
2018-12-29 19:35:58,072 — __main__|all_you_need_is_code — DEBUG — App download denied
2018-12-29 19:35:59,343 — __main__|all_you_need_is_code — DEBUG — Notifications denied
2018-12-29 19:36:07,343 — __main__|all_you_need_is_code — DEBUG — Sleep :8
2018-12-29 19:36:07,343 — __main__|all_you_need_is_code — DEBUG — Hashtags order: ['coder']
2018-12-29 19:36:10,579 — __main__|all_you_need_is_code — DEBUG — Got link https://www.instagram.com/p/Br_um8oh_F6/
2018-12-29 19:36:10,579 — __main__|all_you_need_is_code — DEBUG — Open link: https://www.instagram.com/p/Br_um8oh_F6/
2018-12-29 19:36:19,898 — __main__|all_you_need_is_code — DEBUG — Sleep :8
2018-12-29 19:36:19,935 — __main__|all_you_need_is_code — DEBUG — 0.8139549041187363 > 0.8
2018-12-29 19:36:19,935 — __main__|all_you_need_is_code — INFO — Don't like picture
2018-12-29 19:36:23,936 — __main__|all_you_need_is_code — DEBUG — Sleep :4
2018-12-29 19:36:31,824 — __main__|all_you_need_is_code — DEBUG — Sleep :5
2018-12-29 19:36:31,910 — __main__|all_you_need_is_code — DEBUG — Got link https://www.instagram.com/p/Br7XG_BhaCT/
2018-12-29 19:36:31,911 — __main__|all_you_need_is_code — DEBUG — Open link: https://www.instagram.com/p/Br7XG_BhaCT/
2018-12-29 19:36:41,267 — __main__|all_you_need_is_code — DEBUG — Sleep :8
2018-12-29 19:36:41,308 — __main__|all_you_need_is_code — DEBUG — 0.16918691377672612 <= 0.8
2018-12-29 19:36:41,309 — __main__|all_you_need_is_code — INFO — Like picture
2018-12-29 19:36:44,387 — __main__|all_you_need_is_code — DEBUG — Sleep :3
2018-12-29 19:36:51,196 — __main__|all_you_need_is_code — DEBUG — Sleep :4
2018-12-29 19:36:51,280 — __main__|all_you_need_is_code — DEBUG — Got link https://www.instagram.com/p/Br_t4ZBAnkm/
2018-12-29 19:36:51,280 — __main__|all_you_need_is_code — DEBUG — Open link: https://www.instagram.com/p/Br_t4ZBAnkm/
2018-12-29 19:36:54,521 — __main__|all_you_need_is_code — DEBUG — Sleep :2
2018-12-29 19:36:54,551 — __main__|all_you_need_is_code — DEBUG — 0.7463438691902965 <= 0.8
2018-12-29 19:36:54,551 — __main__|all_you_need_is_code — INFO — Like picture
2018-12-29 19:36:58,607 — __main__|all_you_need_is_code — DEBUG — Sleep :4
2018-12-29 19:37:04,622 — __main__|all_you_need_is_code — DEBUG — Sleep :3
2018-12-29 19:37:04,713 — __main__|all_you_need_is_code — DEBUG — Got link https://www.instagram.com/p/Br_ubk7lnoi/
2018-12-29 19:37:04,713 — __main__|all_you_need_is_code — DEBUG — Open link: https://www.instagram.com/p/Br_ubk7lnoi/
2018-12-29 19:37:14,041 — __main__|all_you_need_is_code — DEBUG — Sleep :8
2018-12-29 19:37:14,092 — __main__|all_you_need_is_code — DEBUG — 0.5745953119297881 <= 0.8
2018-12-29 19:37:14,092 — __main__|all_you_need_is_code — INFO — Like picture
2018-12-29 19:37:16,161 — __main__|all_you_need_is_code — DEBUG — Sleep :2
2018-12-29 19:37:24,204 — __main__|all_you_need_is_code — DEBUG — Sleep :5
